[  0.000000] Initializing cgroup subsys cpuset
[    0.000000] Initializing cgroup subsys cpu
[    0.000000] Initializing cgroup subsys cpuacct
[    0.000000] Linux version 4.4.0-166-generic (build@cy01-amd64-020) (gcc version 5.4.0 20160609 (Ubuntu .4.-6ubuntu1~16.04.10) ) #195-Ubuntu SMP Tue Oct 1 09:35:25 UTC 2019 (Ubuntu 4.4.0-166.195-generic 4.4.194)
[    0.000000] Command line: BOOT_IMAGE=/boot/vlinuz-4.4.0-166-generic root=UUID=07848ed3-7806-4393-9292-29d39210b08c ro console=tty1 console=ttyS0
[    0.000000] KERNEL supported cpus:
[    0.000000]   Intel GenuineIntel
[    0.000000]   AMD AuthenticAMD
[    0.000000]   Centaur CentaurHauls
[    0.000000] x86/fpu: xstate_offset[2]:  576, xstate_sizes[2]:  256
[    0.000000] x86/fpu: Supporting XSAVE feature 0x01: 'x87 floating point registers'
[    0.000000] x86/fpu: Supporting XSAVE feature 002: 'SSE rgiters'
[    0.000000] x86/fpu: Supporting XSAVE feature 0x04: 'AVX registers'
[    0.000000] x86/fpu: Enabled xstate features 0x7, context size is 832 bytes, using 'standard' format.
[    0.000000] e820: BIOS-prviedphsialRAM map:
[    0.000000] BIOS-e820: [mem 0x000000000000000-0x000000000009fbff] usable
[    0.00000 BIOS-e820: [mem 0x000000000009fc00-0x000000000009ffff] reserved
[    0.000000] BIOS-e820: [mem 0x00000000000f0000-0x00000000000fffff] reserved
[    0.000000] BIOS-e820: [mem 0x0000000000100000-0x000000003ffeffff] usable
[    0.000000] BIOS-e820: [mem 0x000000003fff0000-0x000000003fffffff] ACPI data
[    0.000000] BIOS-e820: [mem 0x00000000fec00000-0x00000000fec00fff] reserved
[    0.000000] BIOS-e820: [mem 0x00000000fee00000-0x00000000fee00fff] reserved
[    0.000000] BIOS-e820: [mem 0x00000000fffc0000-0x00000000ffffffff] reserved
[    0.000000] NX (Execute Disable) protection: active
[    0.000000] SMBIOS 2.5 present.
[    0.000000] Hypervisor detected: KVM
[    0.000000] e820: last_pfn = 0x3ff max_achpfn = 0x400000000
[    0.000000] MTRR: Disabled
[    0.000000] x86/PAT: MTRRs disabled, skipping PAT initialization too.
[    0.000000] CPU MTRRs all blank - virtualized stem.
[    0.000000] x86/PAT: Configuration [0-7]: WB  WT  UC- UC  WB  WT  UC- UC  
[    0.000000] found SMP MP-table at [mem 0x0009fff0-0x0009ffff] mapped at [ffff88000009fff0]
[    0.000000] Scanning 1 areas for low memory corruption
[   0.000000] RAMDISK: [mem 0x361e0000-0x370e7fff]
[    0.000000] ACPI: Early table checksum verification disabled
[    0.000000] ACPI: RSDP 0x00000000000E0000 000024 (v02 VBOX  )
[    0.000000] ACPI: XSDT 0x000000003FFF0030 00003C (v01VBOX  BOXSDT 00000001 ASL  00000061)
[    0.000000] ACPI: FACP 0x000000003FFF00F0 0000F4 (v04 VBOX   VBOXFACP 00000001 ASL  00000061)
[    0.000000] ACPI: DSDT 0x000000003FFF0470 0021FF (v02 VBOX   VBOXBIOS 00000002 INTL 20100528)
[    0.000000] ACPI: FACS 0x000000003FFF0200 000040
[    0.000000] ACPI: FACS 0x00000003FFF0200 000040
[    0.000000] ACPI: APIC 0x000000003FFF0240 00005C (v02 VBOX  VBOXAPIC 00000001 ASL  00000061)
[    0.000000] ACPI: SSDT 0x000000003FF02A0 0001CC (v01 VBOX VBOXCPUT 00000002 INTL 20100528)
[    .0000] N NA configuratonfond
   0.000000] Faking a node at [mem 0x0000000000000000-0x000000003ffeffff]
[    0.000000] NODE_DATA(0) allocated [mem 0x3ffeb000-0x3ffeffff]
[    0.000000] kvm-clock: Using msrs 4b564d01 and 4b564d00
[    0.000000] kvm-clock: cpu 0, msr 0:3ffe3001, primary cpu clock
[    0.000000] kvm-clock: using sched offset of 5741686672 cycles
[    0.000000] clocksource: kvm-clock: mask: 0xffffffffffffffff max_cycles: 0x1cd42e4dffb, max_idle_ns: 881590591483 ns
[    0.0000 Zone ranges:
[    0.000000]   DMA      [mem 0x0000000000001000-0x0000000000ffffff]
[    0.000000]   DMA32    [mem 0x0000000001000000-0x000000003ffeffff]
[   0.000000]]  Normal   empt
[  0.00000  Device   empty
[    0.000000] Movable zone start for each node
[    0.000000] Early memory node ranges
[    0.000000]   node   0: [mem 0x0000000000001000-0x000000000009efff]
[[    0.000000]   node   0: [mem 0x0000000000100000-0x0000003ffeffff]
[    0.000000] Initmemsetup node 0 [me 0x0000000000001000-0x000000003ffeffff]
[    0.000000] ACPI: PM-Timer IO Port: 0x4008
[    0.000000] IOAPIC[0]: apic_id 2, version 32, address 0xfec00000, GSI 0-23
[    0.000000] ACPI: INT_SRC_OVR (bus 0 bus_irq 0 global_irq 2 dfl dfl)
[    0.000000] ACPI: INT_SRC_OVR (bus 0 bus_irq 9 global_irq 9 low level)
[    0.000000] Using ACPI (MADT) for SMP configuration information
[    0.000000] smpboot: Allowing 2 CPUs, 0 hotplug CPUs
[    0.00000] M:Reggistered nosave memoy: [mem0x0000000-0x00000fff]
[    0.0000]PM: Rgiteed nosave memory: [mem 0x0009f000-0x0009ffff]
[    0.000000] PM: Registered nosave memory: [mem 0x000a0000-0x000effff]
[    0.000000] PM: Registeerednoav memry: [mem 0x000000-0x000fffff]
[    0.000000] e820: [mem 0x4000000xfeffff] avalable for PCI devices
[    0.000000] Booting paravirtualized kernel on KV
[    0.000000] clocksource: refined-jiffies: mask: 0xffffffff max_cycles: 0xffffffff, max_idle_ns: 7645519600211568 ns
[    0.000000] setup_percpu: NR_CPUS:512 nr_cpumsk_bits:12 nr_cpu_ids:2 nr_node_ids:1
[    0.000000] PERCPU: Embedded 34 pages/cpu @fff88003fc00000 s99544 r8192 d31528 u1048576
[    0.000000] Built 1 zonelists in Node order, mobility grouping on.  Total pages: 257912
[    0.000000] Policy zone: DMA32
[    0.000000] Kernel command line: BOOT_IMAGE=/boot/vmlinuz-4.4.0-166-generic root=UUID=07848ed3-7806-4393-9292-29d39210b08c ro console=tty1 console=ttyS0
[    0.000000] PID hash table entries: 4096 (order: 3, 32768 bytes)
[    0.000000] Memory: 997156K/1048120K available (8623K kernel code, 1336K rwdata, 4036K rodata, 1488K init, 1288K bss, 50964K reserved, 0K cma-reserved)
[    0.0000] SLUB: HWalign=64, Order=0-3, MinObjects=0, CPUs=2, Nodes=1
[    0.000000] Kernel/User page tables isolation: enabled
[    0.000000] Hierarchical RCU implementation.
[    0.000000] 	Build-time adjustment of leaf fanout to 64.
[    0.000000] 	RCU restricting CPUs from NR_CPUS=512 to nr_cpu_ids=2.
[    0.000000] RCU: Adjusting geometry for rcu_fanout_leaf=64, nr_cpu_ids=2
[    0.000000] NR_IRQS:33024 nr_irqs:440 16
[    0.000000] Console: colour VGA+ 80x25
[    0.000000] console [tty1] enabled
[    0.000000] console [ttyS0] enabled
[    0.000000] tsc: Detect 212.002 MHz processor
[    2.170341] Calibrating delay loop (skipped) preset value.. 5424.00 BogoMIPS (lpj=10848008)
[    2.217798] pid_max: default: 32768 minimum: 301
[    2.239949] ACPI: Core revision 20150930
[    2.255874] ACPI: 2 ACPI AML tables successfully acquired and loaded
[    2.275370] Security Framework initialized
[    2.276204] Yama: becoming mindful.
[    2.276864] AppArmor: AppArmor initialized
[    2.277640] Dentry cache hash table entries: 131072 (order: 8, 1048576 bytes)
[    2.284502] Inode-cache hash table entries: 65536 (order: 7, 524288 bytes)
[    2.307803] Mount-cache hash table entries: 2048 (order: 2, 16384 bytes)
[    2.309251] Mountpoint-cache hash table entries: 2048 (order: 2, 16384 bytes)
[    2.312374] Initializing cgroup subsys io
[    2.313359] Initializing cgroup subsys memory
[    2.314489] Initializing cgroup subsys devices
[    2.318693] Initializing cgroup subsys freezer
[    2.319436] Initializing cgroup subsys net_cls
[    2.320176] Initializing cgroup subsys perf_event
[    2.327748] Initializing cgroup subsys net_prio
[    2.353452] Initializing cgroup subsys hugetlb
[    2.363455] Initializing cgroup subsys pids
[    2.370653] mce: CPU supports 0 MCE banks
[    2.380544] Last level iTLB entries: 4KB 64, 2MB 8, 4MB 8
[    2.388696] Last level dTLB entries: 4KB 64, 2MB 0, 4MB 0, 1GB 4
[    2.389634] Spectre V1 : Mitigation: usercopy/swapgs barriers and __user pointer sanitization
[    2.393628] Spectre V2 : Mitigation: Full generic retpoline
[    2.394651] Spectre V2 : Spectre v2 / SpectreRSB mitigation: Filling RSB on context switch
[    2.396031] Speculative Store Bypass: Vulnerable
[    2.396873] MDS: Vulnerable: Clear CPU buffers attempted, no microcode
[    2.402069] Freeing SMP alternatives memory: 36K
[    2.446787] ftrace: allocating 32296 entries in 127 pages
[    2.537656] smpboot: APIC(0) Converting physical 0 to logical package 0
[    2.539298] smpboot: Max logical packages: 1
[    2.576689] x2apic enabled
[    2.577791] Switched APIC routing to physical x2apic.
[    2.580588] ..TIMER: vector=0x30 apic1=0 pin1=2 apic2=-1 pin2=-1
[    2.695781] smpboot: CPU0: Intel(R) Core(TM) i5-7200U CPU @ 2.50GHz (family: 0x6, model: 0x8e, stepping: 0x9)
[    2.706329] Performance Events: unsupported p6 CPU model 142 no PMU driver, software events only.
[    2.723569] KVM setup paravirtual spinlock
[    2.762794] x86: Booting SMP configuration:
[    2.790224] .... node  #0, CPUs:      #1
[    2.793923] kvm-clock: cpu 1, msr 0:3ffe3041, secondary cpu clock
[    2.809981] mce: CPU supports 0 MCE banks
[    2.820098] x86: Booted up 1 node, 2 CPUs
[    2.836692] smpboot: Total of 2 processors activated (10848.00 BogoMIPS)
[    2.840955] devtmpfs: initialized
[    2.851801] evm: security.selinux
[    2.863993] evm: security.SMACK64
[    2.879648] evm: security.SMACK64EXEC
[    2.880829] evm: security.SMACK64TRANSMUTE
[    2.885197] evm: security.SMACK64MMAP
[    2.889446] evm: security.ima
[    2.890084] evm: security.capability
[    2.892714] clocksource: jiffies: mask: 0xffffffff max_cycles: 0xffffffff, max_idle_ns: 7645041785100000 ns
[    2.894429] futex hash table entries: 512 (order: 3, 32768 bytes)
[    2.895513] pinctrl core: initialized pinctrl subsystem
[    2.896463] RTC time: 12:11:44, date: 11/09/19
[    2.897535] NET: Registered protocol family 16
[    2.906788] cpuidle: using governor ladder
[    2.939346] cpuidle: using governor menu
[    2.979557] PCCT header not found.
[    2.980545] ACPI: bus type PCI registered
[    2.993742] acpiphp: ACPI Hot Plug PCI Controller Driver version: 0.5
[    3.028735] PCI: Using configuration type 1 for base access
[    3.048327] ACPI: Added _OSI(Module Device)
[    3.054728] ACPI: Added _OSI(Processor Device)
[    3.075522] ACPI: Added _OSI(3.0 _SCP Extensions)
[    3.097732] ACPI: Added _OSI(Processor Aggregator Device)
[    3.099964] ACPI: Executed 1 blocks of module-level executable AML code
[    3.141873] ACPI: Interpreter enabled
[    3.147987] ACPI: (supports S0 S5)
[    3.155713] ACPI: Using IOAPIC for interrupt routing
[    3.157672] PCI: Using host bridge windows from ACPI; if necessary, use "pci=nocrs" and report a bug
[    3.169050] ACPI: PCI Root Bridge [PCI0] (domain 0000 [bus 00-ff])
[    3.176379] acpi PNP0A03:00: _OSC: OS supports [ASPM ClockPM Segments MSI]
[    3.191302] acpi PNP0A03:00: _OSC: not requesting OS control; OS requires [ExtendedConfig ASPM ClockPM MSI]
[    3.219075] acpi PNP0A03:00: fail to add MMCONFIG information, can't access extended PCI configuration space under this bridge.
[    3.243625] PCI host bridge to bus 0000:00
[    3.255524] pci_bus 0000:00: root bus resource [io  0x0000-0x0cf7 window]
[    3.264399] pci_bus 0000:00: root bus resource [io  0x0d00-0xffff window]
[    3.273857] pci_bus 0000:00: root bus resource [mem 0x000a0000-0x000bffff window]
[    3.275894] pci_bus 0000:00: root bus resource [mem 0x40000000-0xfdffffff window]
[    3.316728] pci_bus 0000:00: root bus resource [bus 00-ff]
[    3.326167] pci 0000:00:01.1: legacy IDE quirk: reg 0x10: [io  0x01f0-0x01f7]
[    3.328542] pci 0000:00:01.1: legacy IDE quirk: reg 0x14: [io  0x03f6]
[    3.329865] pci 0000:00:01.1: legacy IDE quirk: reg 0x18: [io  0x0170-0x0177]
[    3.331370] pci 0000:00:01.1: legacy IDE quirk: reg 0x1c: [io  0x0376]
[    3.379964] pci 0000:00:07.0: quirk: [io  0x4000-0x403f] claimed by PIIX4 ACPI
[    3.412893] pci 0000:00:07.0: quirk: [io  0x4100-0x410f] claimed by PIIX4 SMB
[    3.427131] ACPI: PCI Interrupt Link [LNKA] (IRQs 5 9 10 *11)
[    3.455017] ACPI: PCI Interrupt Link [LNKB] (IRQs 5 9 *10 11)
[    3.458969] ACPI: PCI Interrupt Link [LNKC] (IRQs 5 *9 10 11)
[    3.460377] ACPI: PCI Interrupt Link [LNKD] (IRQs 5 9 10 *11)
[    3.470333] ACPI: Enabled 2 GPEs in block 00 to 07
[    3.481336] vgaarb: setting as boot device: PCI:0000:00:02.0
[    3.491613] vgaarb: device added: PCI:0000:00:02.0,decodes=io+mem,owns=io+mem,locks=none
[    3.529799] vgaarb: loaded
[    3.530608] vgaarb: bridge control possible 0000:00:02.0
[    3.539855] SCSI subsystem initialized
[    3.553041] ACPI: bus type USB registered
[    3.564454] usbcore: registered new interface driver usbfs
[    3.574109] usbcore: registered new interface driver hub
[    3.575222] usbcore: registered new device driver usb
[    3.576523] PCI: Using ACPI for IRQ routing
[    3.578488] NetLabel: Initializing
[    3.579251] NetLabel:  domain hash size = 128
[    3.580104] NetLabel:  protocols = UNLABELED CIPSOv4
[    3.598967] NetLabel:  unlabeled traffic allowed by default
[    3.603326] amd_nb: Cannot enumerate AMD northbridges
[    3.616173] clocksource: Switched to clocksource kvm-clock
[    36747] pprmor: AppAmor Filesystem Enabled
[   .855 p: PnP ACPI iit
[   .10377] pnp: PnP ACPI: foun 3 devices

[   .2428]clckouce: acpi_pm: msk: 0xffffff max_cycles: 0xffffff, axid_ns 257104 s[   .9262] NET: Registered protocol family 2

[    5.044257] TCP established hash table entries: 8192 (order: 4, 65536 bytes)
[    5.045735] TCP bind hash table entries: 8192 (order: 5, 131072 bytes)
[    5.047250] TCP: Has talecoigured (established 8192 bind 8192)
[    5.249898] UDP hash table entries: 512 (ode:  1638 btes)
[   5.427383]UD-Lteha tblenris:51 (der: 2, 16384 bytes)
[    5.917336] NET: Registered protocol family 1
[   9110] ci000:0:0.: Limiting direct PCI/PCI transfers
[   .2022]pc 000001.: ctivating ISA DMA hang workarounds
[    6.633494] Unpacking initramfs...

[    7.003897] Freeing initrd memory: 15392K
[    7.010935] clocksource: tsc: mask: 0xffffffffffffffff max_cycles: 0x2717880cafa, max_idle_ns: 440795252614 ns
[    7.026862] platform rtc_cmos: registered platform RTC device (no PNP device found)
[    7.028543] Scanning for low memory corruption every 60 seconds
[    7.035921] audit: initializing netlink subsys (disabled)
[    7.039821] audit: type=2000 audit(1573301513.158:1): initialized
[    7.041557] Initialise system trusted keyring
[    7.046323] HugeTLB registered 2 MB page size, pre-allocated 0 pages
[    7.057774] zbud: loaded
[    7.060496] VFS: Disk quotas dquot_6.6.0
[    7.063664] VFS: Dquot-cache hash table entries: 512 (order 0, 4096 bytes)
[    7.075699] squashfs: version 4.0 (2009/01/31) Phillip Lougher
[    7.078762] fuse init (API version 7.23)
[    7.084638] Key type big_key registered
[    7.087308] Allocating IMA MOK and blacklist keyrings.
[    7.089923] Key type asymmetric registered
[    7.093744] Asymmetric key parser 'x509' registered
[    7.103980] Block layer SCSI generic (bsg) driver version 0.4 loaded (major 249)
[    7.105992] io scheduler noop registered
[    7.113643] io scheduler deadline registered (default)
[    7.117442] io scheduler cfq registered
[    7.120177] pci_hotplug: PCI Hot Plug PCI Core version: 0.5
[    7.127290] pciehp: PCI Express Hot Plug Controller Driver version: 0.4
[    7.134542] ACPI: AC Adapter [AC] (on-line)
[    7.137202] input: Power Button as /devices/LNXSYSTM:00/LNXPWRBN:00/input/input0
[    7.139098] ACPI: Power Button [PWRF]
[    7.140236] input: Sleep Button as /devices/LNXSYSTM:00/LNXSLPBN:00/input/input1
[    7.144853] ACPI: Sleep Button [SLPF]
[    7.160161] ACPI: Battery Slot [BAT0] (battery present)
[    7.165603] GHES: HEST is not enabled!
[   .170688] Serial: 8250/16550 driver, 32 ports, IRQ sharing enabled
[   7.257281] 00:02: ttyS0 at I/O 0x3f8 (irq = 4, base_baud = 115200) is a 16550A
[   .3515]Linux agpgart inerace 0.103

[    7.557998] loop: module loaded
[    7.568151] scsi host0: ata_piix
[    7.570415] scsi host1: ata_piix
[    7.574245] ata1: PATA max UDMA/33 cmd 0x1f0 ctl 0x3f6 bmdma 0xd000 irq 14
[    7.575287] ata2: PATA max UDMA/33 cmd 0x170 ctl 0x376 bmdma 0xd008 irq 15
[    7.576548] libphy: Fixed MDIO Bus: probed
[    7.577348] tun: Universal TUN/TAP device driver, 1.6
[    7.578207] tun: (C) 1999-2004 Max Krasnyansky <maxk@qualcomm.com>
[    7.579745] PPP generic driver version 2.4.2
[    7.584927] ehci_hcd: USB 2.0 'Enhanced' Host Controller (EHCI) Driver
[    7.589875] ehci-pci: EHCI PCI platform driver
[    7.591062] ehci-platform: EHCI generic platform driver
[    7.596154] ohci_hcd: USB 1.1 'Open' Host Controller (OHCI) Driver
[    7.597340] ohci-pci: OHCI PCI platform driver
[    7.600600] ohci-platform: OHCI generic platform driver
[    7.606670] uhci_hcd: USB Universal Host Controller Interface driver
[    7.607885] i8042: PNP: PS/2 Controller [PNP0303:PS2K,PNP0f03:PS2M] at 0x60,0x64 irq 1,12
[    7.613587] serio: i8042 KBD port at 0x60,0x64 irq 1
[    7.617304] serio: i8042 AUX port at 0x60,0x64 irq 12
[    7.619873] mousedev: PS/2 mouse device common for all mice
[    7.621785] rtc_cmos rtc_cmos: rtc core: registered rtc_cmos as rtc0
[    7.625346] rtc_cmos rtc_cmos: alarms up to one day, 114 bytes nvram
[    7.626860] input: AT Translated Set 2 keyboard as /devices/platform/i8042/serio0/input/input2
[    7.628941] i2c /dev entries driver
[    7.634147] device-mapper: uevent: version 1.0.3
[    7.635794] device-mapper: ioctl: 4.34.0-ioctl (2015-10-28) initialised: dm-devel@redhat.com
[    7.639294] ledtrig-cpu: registered to indicate activity on CPUs
[    7.648009] NET: Registered protocol family 10
[    7.651119] NET: Registered protocol family 17
[    7.666974] Key type dns_resolver registered
[    7.668630] registered taskstats version 1
[    7.670917] Loading compiled-in X.509 certificates
[    7.674471] Loaded X.509 cert 'Build time autogenerated kernel key: 75bc1b51278a37d3abb49bab6b1b0161a6cc9ec0'
[    7.678046] zswap: loaded using pool lzo/zbud
[    7.684498] Key type trusted registered
[    7.696446] Key type encrypted registered
[    7.699608] AppArmor: AppArmor sha1 policy hashing enabled
[    7.704251] ima: No TPM chip found, activating TPM-bypass!
[    7.705522] ima: Allocated hash algorithm: sha1
[    7.710616] evm: HMAC attrs: 0x1
[    7.713216]   Magic number: 11:594:177
[    7.716664] rtc_cmos rtc_cmos: setting system clock to 2019-11-09 12:11:49 UTC (1573301509)
[    7.722606] BIOS EDD facility v0.16 2004-Jun-25, 0 devices found
[    7.733857] EDD information not available.
[    7.739213] Freeing unused kernel memory: 1488K
[    7.754208] Write protecting the kernel read-only data: 14336k
[    7.758521] Freeing unused kernel memory: 1604K
[    7.759910] Freeing unused kernel memory: 60K
Loading, please wait...
starting version[    7.785556] random: systemd-udevd: uninitialized urandom read (16 bytes read, 5 bits of entropy available)
 229
[    7.786114] random: udevadm: uninitialized urandom read (16 bytes read, 5 bits of entropy available)
[    7.786140] random: udevadm: uninitialized urandom read (16 bytes read, 5 bits of entropy available)
[    7.804442] random: udevadm: uninitialized urandom read (16 bytes read, 5 bits of entropy available)
[    7.804505] random: udevadm: uninitialized urandom read (16 bytes read, 5 bits of entropy available)
[    7.805142] random: udevadm: uninitialized urandom read (16 bytes read, 5 bits of entropy available)
[    7.805236] random: udevadm: uninitialized urandom read (16 bytes read, 5 bits of entropy available)
[    7.805382] random: udevadm: uninitialized urandom read (16 bytes read, 5 bits of entropy available)
[    7.805675] random: udevadm: uninitialized urandom read (16 bytes read, 5 bits of entropy available)
[    7.805830] random: udevadm: uninitialized urandom read (16 bytes read, 5 bits of entropy available)
[    7.941836] e1000: Intel(R) PRO/1000 Network Driver - version 7.3.21-k8-NAPI
[    7.961169] e1000: Copyright (c) 1999-2006 Intel Corporation.
[    7.974692] Fusion MPT base driver 3.04.20
[    7.987495] Copyright (c) 1999-2008 LSI Corporation
[    7.995174] Fusion MPT SPI Host driver 3.04.20
[    8.046494] AVX2 version of gcm_enc/dec engaged.
[    8.053094] AES CTR mode by8 optimization enabled
[    8.194145] input: ImExPS/2 Generic Explorer Mouse as /devices/platform/i8042/serio1/input/input4
[    8.465229] e1000 0000:00:03.0 eth0: (PCI:33MHz:32-bit) 02:e1:a6:2d:7f:b0
[    8.480274] e1000 0000:00:03.0 eth0: Intel(R) PRO/1000 Network Connection
[    8.497297] mptbase: ioc0: Initiating bringup
[    8.534154] e1000 0000:00:03.0 enp0s3: renamed from eth0
[    8.627172] ioc0: LSI53C1030 A0: Capabilities={Initiator}
[    9.244863] scsi host2: ioc0: LSI53C1030 A0, FwRev=00000000h, Ports=1, MaxQ=256, IRQ=20
[   10.939008] scsi 2:0:0:0: Direct-Access     VBOX     HARDDISK         1.0  PQ: 0 ANSI: 5
[   11.128288] scsi target2:0:0: Beginning Domain Validation
[   11.253566] scsi target2:0:0: Domain Validation skipping write tests
[   11.260885] scsi target2:0:0: Ending Domain Validation
[   11.317305] scsi target2:0:0: asynchronous
[   11.321481] scsi 2:0:1:0: Direct-Access     VBOX     HARDDISK         1.0  PQ: 0 ANSI: 5
[   12.250341] scsi target2:0:1: Beginning Domain Validation
[   12.254867] scsi target2:0:1: Domain Validation skipping write tests
[   12.257847] scsi target2:0:1: Ending Domain Validation
[   12.258926] scsi target2:0:1: asynchronous
[   13.144292] sd 2:0:0:0: Attached scsi generic sg0 type 0
[   13.168827] sd 2:0:0:0: [sda] 20971520 512-byte logical blocks: (10.7 GB/10.0 GiB)
[   13.169098] sd 2:0:1:0: Attached scsi generic sg1 type 0
[   13.170995] sd 2:0:1:0: [sdb] 20480 512-byte logical blocks: (10.5 MB/10.0 MiB)
[   13.171185] sd 2:0:1:0: [sdb] Write Protect is off
[   13.171307] sd 2:0:1:0: [sdb] Incomplete mode parameter data
[   13.171308] sd 2:0:1:0: [sdb] Assuming drive cache: write through
[   13.219100] sd 2:0:0:0: [sda] Write Protect is off
[   13.228603] sd 2:0:0:0: [sda] Incomplete mode parameter data
[   13.234892] sd 2:0:0:0: [sda] Assuming drive cache: write through
[   13.235944] sd 2:0:1:0: [sdb] Attached SCSI disk
[   13.289103]  sda: sda1
[   13.299933] sd 2:0:0:0: [sda] Attached SCSI disk
Begin: Loading e[   14.925181] md: linear personality registered for level -1
ssential drivers ... [   14.942604] md: multipath personality registered for level -4
[   14.975729] md: raid0 personality registered for level 0
[   14.983842] md: raid1 personality registered for level 1
[   15.076355] raid6: sse2x1   gen()  6503 MB/s
[   15.153992] raid6: sse2x1   xor()  4200 MB/s
[   15.224338] raid6: sse2x2   gen()  6356 MB/s
[   15.300436] raid6: sse2x2   xor()  5321 MB/s
[   15.380298] raid6: sse2x4   gen()  8941 MB/s
[   15.456350] raid6: sse2x4   xor()  6731 MB/s
[   15.540561] raid6: avx2x1   gen() 14298 MB/s
[   15.616297] raid6: avx2x2   gen() 18126 MB/s
[   15.696546] raid6: avx2x4   gen() 14564 MB/s
[   15.705869] raid6: using algorithm avx2x2 gen() 18126 MB/s
[   15.707006] raid6: using avx2x2 recovery algorithm
[   15.709429] xor: automatically using best checksumming function:
[   15.752634]    avx       : 17128.000 MB/sec
[   15.758017] async_tx: api initialized (async)
[   15.780067] md: raid6 personality registered for level 6
[   15.788476] md: raid5 personality registered for level 5
[   15.808931] md: raid4 personality registered for level 4
[   15.822471] md: raid10 personality registered for level 10
done.
Begin: Running /scripts/init-premount ... done.
Begin: Mounting root file system ... Begin: Running /scripts/local-top ... done.
Begin: Running /scripts/local-premount ... [   15.874746] Btrfs loaded
Scanning for Btrfs filesystems
done.
Warning: fsck not present, so skipping root file system
[   16.133527] EXT4-fs (sda1): mounted filesystem with ordered data mode. Opts: (null)
done.
Begin: Running /scripts/local-bottom ... done.
Begin: Running /scripts/init-bottom ... [   18.329343] random: nonblocking pool is initialized
done.
[   19.836715] systemd[1]: systemd 229 running in system mode. (+PAM +AUDIT +SELINUX +IMA +APPARMOR +SMACK +SYSVINIT +UTMP +LIBCRYPTSETUP +GCRYPT +GNUTLS +ACL +XZ -LZ4 +SECCOMP +BLKID +ELFUTILS +KMOD -IDN)
[   19.847416] systemd[1]: Detected virtualization oracle.
[   19.854703] systemd[1]: Detected architecture x86-64.

Welcome to [1mUbuntu 16.04.6 LTS[0m!

[   .0442]ysemd[1]: Set hostname to <ubuntu-xenial>.
[   22.664669] systemd[1]: Listening on LVM2 poll daemon socket.
[[0;32m  OK  [0m] Listening on LVM2 poll daemon socket.
[   22.764448] systemd[1]: Listening on Device-mapper event daemon FIFOs.
[[0;32m  OK  [0m] Listening on Device-mapper event daemon FIFOs.
[   22.784502] systemd[1]: Listening on /dev/initctl Compatibility Named Pipe.
[[0;32m  OK  [0m] Listening on /dev/initctl Compatibility Named Pipe.
[   22.809367] systemd[1]: Reached target Encrypted Volumes.
[[0;32m  OK  [0m] Reached target Encrypted Volumes.
[   22.860867] systemd[1]: Reached target System Time Synchronized.
[[0;32m  OK  [0m] Reached target System Time Synchronized.
[   22.904409] systemd[1]: Started Trigger resolvconf update for networkd DNS.
[[0;32m  OK  [0m] Started Trigger resolvconf update for networkd DNS.
[   22.948815] systemd[1]: Listening on LVM2 metadata daemon socket.
[[0;32m  OK  [0m] Listening on LVM2 metadata daemon socket.
[   22.978354] systemd[1]: Started Forward Password Requests to Wall Directory Watch.
[[0;32m  OK  [0m] Started Forward Password Requests to Wall Directory Watch.
[   23.036778] systemd[1]: Created slice System Slice.
[[0;32m  OK  [0m] Created slice System Slice.
[   23.046930] systemd[1]: Listening on Journal Audit Socket.
[[0;32m  OK  [0m] Listening on Journal Audit Socket.
[   23.089175] systemd[1]: Created slice system-serial\x2dgetty.slice.
[[0;32m  OK  [0m] Created slice system-serial\x2dgetty.slice.
[   23.150242] systemd[1]: Listening on Journal Socket (/dev/log).
[[0;32m  OK  [0m] Listening on Journal Socket (/dev/log).
[   23.198052] systemd[1]: Reached target Swap.
[[0;32m  OK  [0m] Reached target Swap.
[   23.200438] systemd[1]: Listening on Syslog Socket.
[[0;32m  OK  [0m] Listening on Syslog Socket.
[   23.215753] systemd[1]: Listening on Journal Socket.
[[0;32m  OK  [0m] Listening on Journal Socket.
[   23.244434] systemd[1]: Starting Monitoring of LVM2 mirrors, snapshots etc. using dmeventd or progress polling...
         Starting Monitoring of LVM2 mirrors... dmeventd or progress polling...
[   23.380591] systemd[1]: Starting Remount Root and Kernel File Systems...
         Starting Remount Root and Kernel File Systems...
[   23.432823] systemd[1]: Mounting POSIX Message Queue File System...
         Mounting POSIX Message Queue File System...
[   23.548406] systemd[1]: Starting Set console keymap...
         Starting Set console keymap...
[   23.561596] systemd[1]: Mounting Huge Pages File System...
         Mounting Huge Pages Fil[   23.593121] EXT4-fs (sda1): re-mounted. Opts: (null)
e System...
[   24.517500] systemd[1]: Starting Uncomplicated firewall...
         Starting Uncomplicated firewall...
[   24.534469] systemd[1]: Starting Create list of required static device nodes for the current kernel...
         Starting Create list of required st... nodes for the current kernel...
[   24.556910] systemd[1]: Starting Journal Service...
         Starting Journal Service...
[   24.573131] systemd[1]: Created slice User and Session Slice.
[[0;32m  OK  [0m] Created slice User and Session Slice.
[   24.592932] systemd[1]: Reached target Slices.
[[0;32m  OK  [0m] Reached target Slices.
[   24.604743] systemd[1]: Reached target User and Group Name Lookups.
[[0;32m  OK  [0m] Reached target User and Group Name Lookups.
[   24.620051] systemd[1]: Listening on udev Kernel Socket.
[[0;32m  OK  [0m] Listening on udev Kernel Socket.
[   24.664297] systemd[1]: Mounting Debug File System...
         Mounting Debug File System...
[   24.688972] systemd[1]: Listening on udev Control Socket.
[[0;32m  OK  [0m] Listening on udev Control Socket.
[   24.784701] systemd[1]: Starting Load Kernel Modules...
         Starting Load Kernel Modules...
[   24.821376] systemd[1]: Set up automount Arbitrary Executable File Formats File System Automount Point.
[[0;32m  OK  [0m] Set up automount Arbitrary Executab...ats File System Automount Point.
[   24.910094] Loading iSCSI transport class v2.0-870.
[   24.968876] iscsi: registered transport (tcp)
[   24.972327] systemd[1]: Starting Nameserver information manager...
         Starting Nameserver information manager...
[   25.004343] systemd[1]: Mounted Huge Pages File System.
[[0;32m  OK  [0m] Mounted Huge Pages File System.
[   5.37120] systemd]:Moted POSIX Message Queue File System.
[[0;32m  OK  [0m] Mounted POSIX Message Queue File System.
[   25.269349] systemd[1]: Mounted Debug File System.
[[0;32m  OK  [0m] Mounted Debug File System.
[   25.304877] systemd[1]: Started Journal Service.
[[0;32m  OK  [0m] Started Journal Service.
[[0;32m  OK  [0m] Started Remount Root and Kernel File Systems.
[[0;32m  OK  [0m] Started Set console keymap.
[[0;32m  OK  [0m] Started Uncomplicated firewall.
[[0;32m  OK  [0m] Started Create list of required sta...ce nodes for the current kernel.
[[0;32m  OK  [0[   25.388665] iscsi: registered transport (iser)
m] Started Nameserver information manager.
[[0;32m  OK  [0m] Started Load Kernel Modules.
         Mounting FUSE Control File System...
         Starting Apply Kernel Variables...
[[0;32m  OK  [0m] Started LVM2 metadata daemon.
         Starting Create Static Device Nodes in /dev...
         Starting Initial cloud-init job (pre-networking)...
         Starting udev Coldplug all Devices...
         Starting Load/Save Random Seed...
         Starting Flush Journal to Persistent Storage...
[[0;32m  OK  [0m] Mounted FUSE Control File System.
[[0;32m  OK  [0m] Started Apply Kernel Variables.
[[0;32m  OK  [0m] Started Flush Journal to Persistent Storage.
[[0;32m  OK  [0m] Started Load/Save Random Seed.
[[0;32m  OK  [0m] Started udev Coldplug all Devices.
[[0;32m  OK  [0m] Started Monitoring of LVM2 mirrors,...ng dmeventd or progress polling.
[[0;32m  OK  [0m] Started Create Static Device Nodes in /dev.
[[0;32m  OK  [0m] Reached target Local File Systems (Pre).
[[0;32m  OK  [0m] Reached target Local File Systems.
         Starting Create Volatile Files and Directories...
         Starting LSB: AppArmor initialization...
         Starting Set console font and keymap...
         Starting Tell Plymouth To Write Out Runtime Data...
         Starting udev Kernel Device Manager...
[[0;32m  OK  [0m] Started Create Volatile Files and Directories.
[[0;32m  OK  [0m] Started Tell Plymouth To Write Out Runtime Data.
         Starting Update UTMP about System Boot/Shutdown...
[[0;32m  OK  [0m] Started Update UTMP about System Boot/Shutdown.
[[0;32m  OK  [0m] Started Set console font and keymap.
[[0;32m  OK  [0m] Created slice system-getty.slice.
[[0;32m  OK  [0m] Started udev Kernel Device Manager.
[[0;32m  OK  [0m] Started Dispatch Password Requests to Console Directory Watch.
[[0;32m  OK  [0m] Found device /dev/ttyS0.
[[0;32m  OK  [0m] Listening on Load/Save RF Kill Switch Status /dev/rfkill Watch.
[[0;32m  OK  [0m] Started LSB: AppArmor initialization.
[[0;32m  OK  [0m] Found device 82540EM Gigabit Ethern...r (PRO/1000 MT Desktop Adapter).
[   31.398321] cloud-init[438]: Cloud-init v. 19.2-36-g059d049c-0ubuntu2~16.04.1 running 'init-local' at Sat, 09 Nov 2019 12:12:14 +0000. Up 30.02 seconds.
[[0;32m  OK  [0m] Started Initial cloud-init job (pre-networking).
[[0;32m  OK  [0m] Reached target Network (Pre).
[[0;32m  OK  [0m] Started ifup for enp0s3.
         Starting Raise network interfaces...
[[0;32m  OK  [0m] Started Raise network interfaces.
[[0;32m  OK  [0m] Reached target Network.
         Starting Initial cloud-init job (metadata service crawler)...
[   34.774226] cloud-init[977]: Cloud-init v. 19.2-36-g059d049c-0ubuntu2~16.04.1 running 'init' at Sat, 09 Nov 2019 12:12:18 +0000. Up 33.29 seconds.
[   34.816905] cloud-init[977]: ci-info: ++++++++++++++++++++++++++++++++++++++Net device info++++++++++++++++++++++++++++++++++++++
[   34.869898] [cloud-init[0;32m  OK  [0m[977]: ] ci-info: +--------+------+----------------------------+---------------+--------+-------------------+Started Initial cloud-init job (metadata service crawler).

[   34.870301] cloud-init[977]: ci-info: | Device |  Up  |          Address           |      Mask     | Scope  |     Hw-Address    |
[[0;32m  OK  [0m] Reached target Cloud-config availability.
[   34.900192] [[0;32m  OK  [0m] Reached target Network is Online.
cloud-init[977]: ci-info: +--------+------+----------------------------+---------------+--------+-------------------+
[   34.905081] cloud-init[977]: ci-info: | enp0s3 | True |         10.0.2.15          | 255.255.255.0 | global | 02:e1:a6:2d:7f:b0 |
[   34.913475] cloud-init[977]: ci-info: | enp0s3 | True | fe80::e1:a6ff:fe2d:7fb0/64 |       .       |  link  | 02:e1:a6:2d:7f:b0 |
         Starting iSCSI initiator daemon (iscsid)...
[[0;32m  OK  [0m] Reached target System Initialization.
[[0;32m  OK  [0m] Listening on ACPID Listen Socket.
[   34.944439] cloud-init[977]: ci-info: |   lo   | True |         127.0.0.1          |   255.0.0.0   |  host  |         .         |
[   35.022870] cloud-init[977]: ci-info: |   lo   | True |          ::1/128           |       .       |  host  |         .         |
[   35.041844] cloud-init[977]: ci-info: +--------+------+----------------------------+---------------+--------+-------------------+
[[0;32m  OK  [0m] Started ACPI Events Check.
[[0;32m  OK  [0m] Reached target Paths.
[   35.084168]          cloud-initStarting Socket activation for snappy daemon.[977]: 
ci-info: +++++++++++++++++++++++++++Route IPv4 info++++++++++++++++++++++++++++
[   35.129516] [cloud-init[0;32m  OK  [0m[977]: ] ci-info: +-------+-------------+----------+---------------+-----------+-------+Listening on UUID daemon activation socket.

[[0;32m  OK  [0m] Listening on D-Bus System Message Bus Socket.
[   35.130259] cloud-init[977]: ci-info: | Route | Destination | Gateway  |    Genmask    | Interface | Flags |
[   35.165053]          cloud-initStarting LXD - unix socket.[977]: 
ci-info: +-------+-------------+----------+---------------+-----------+-------+
[   35.175659] cloud-init[977]: ci-info: |   0   |   0.0.0.0   | 10.0.2.2 |    0.0.0.0    |   enp0s3  |   UG  |
[   35.190596] cloud-init[977]: ci-info: |   1   |   10.0.2.0  | 0.0.0.0  | 255.255.255.0 |   enp0s3  |   U   |
[   35.197865] cloud-init[977]: ci-info: +-------+-------------+----------+---------------+-----------+-------+
[   35.205310] [cloud-init[0;32m  OK  [0m[977]: ] ci-info: +++++++++++++++++++Route IPv6 info+++++++++++++++++++Started Daily apt download activities.

[   35.205925] [cloud-init[0;32m  OK  [0m[977]: ] ci-info: +-------+-------------+---------+-----------+-------+Started Daily apt upgrade and clean activities.

[   35.253360] [cloud-init[0;32m  OK  [0m[977]: ] ci-info: | RRute | Destination | Gateway | Interface | Flags |Started Message of the Day.

[   35.263859] [cloud-init[0;32m  OK  [0m[977]: ] ci-info: +-------+-------------+---------+-----------+-------+Started Daily Cleanup of Temporary Directories.

[   35.453605] [cloud-init[0;32m  OK  [0m[977]: ] ci-info: |   0   |  fe80::/64  |    ::   |   enp0s3  |   U   |Started Clean PHP session files every 30 mins.

[[0;32m  OK  [0m] Reached target Timers.
[   35.454035] cloud-init[977]: ci-info: |   3   |   ff00::/8  |    ::   |   enp0s3  |   U   |
[   35.648478] cloud-init[977]: ci-info: +-------+-------------+---------+-----------+-------+
[[0;32m  OK  [0m] Listening on Socket activation for snappy daemon.
[[0;32m  OK  [0m] Listening on LXD - unix socket.
[[0;32m  OK  [0m] Started iSCSI initiator daemon (iscsid).
         Starting Login to default iSCSI targets...
[[0;32m  OK  [0m] Reached target Sockets.
[[0;32m  OK  [0m] Reached target Basic System.
         Starting LXD - container startup/shutdown...
[[0;32m  OK  [0m] Started D-Bus System Message Bus.
         Starting Accounts Service...
         Starting LSB: MD monitoring daemon...
[[0;32m  OK  [0m] Started Regular background program processing daemon.
         Starting A high performance web server and a reverse proxy server...
         Starting System Logging Service...
[[0;32m  OK  [0m] Started ACPI event daemon.
         Starting The PHP 7.3 FastCGI Process Manager...
         Starting Virtualbox guest utils...
         Starting LSB: Record successful boot for GRUB...
         Starting /etc/rc.local Compatibility...
         Starting Login Service...
         Starting OpenBSD Secure Shell server...
[[0;32m  OK  [0m] Started Deferred execution scheduler.
[[0;32m  OK  [0m] Started FUSE filesystem for LXC.
         Starting Snappy daemon...
[[0;32m  OK  [0m] Started /etc/rc.local Compatibility.
[[0;32m  OK  [0m] Started System Logging Service.
[[0;32m  OK  [0m] Started LSB: Record successful boot for GRUB.
[[0;32m  OK  [0m] Started LSB: MD monitoring daemon.
[[0;32m  OK  [0m] Started Login to default iSCSI targets.
[[0;32m  OK  [0m] Reached target Remote File Systems (Pre).
[[0;32m  OK  [0m] Reached target Remote File Systems.
         Starting Permit User Sessions...
         Starting LSB: Set the CPU Frequency Scaling governor to "ondemand"...
         Starting LSB: daemon to balance interrupts for SMP systems...
         Starting LSB: Apache2 web server...
         Starting LSB: automatic crash report generation...
         Starting LSB: Start and stop the mysql database server daemon...
[[0;32m  OK  [0m] Started Login Service.
[[0;32m  OK  [0m] Started LSB: Set the CPU Frequency Scaling governor to "ondemand".
[[0;32m  OK  [0m] Started Unattended Upgrades Shutdown.
[[0;32m  OK  [0m] Started Permit User Sessions.
         Starting Hold until boot process finishes up...
         Starting Terminate Plymouth Boot Screen...
[[0;32m  OK  [0m] Started LSB: automatic crash report generation.
[[0;32m  OK  [0m] Started Hold until boot process finishes up.
[[0;32m  OK  [0m] Started Terminate Plymouth Boot Screen.
[[0;32m  OK  [0m] Started LSB: daemon to balance interrupts for SMP systems.
[[0;32m  OK  [0m] Started Serial Getty on ttyS0.
[[0;32m  OK  [0m] Started Getty on tty1.
[[0;32m  OK  [0m] Reached target Login Prompts.
         Starting Set console scheme...
[[0;32m  OK  [0m] Started Set console scheme.
[[0;32m  OK  [0m] Started Virtualbox guest utils.
         Starting Authenticate and Authorize Users to Run Privileged Tasks...
[[0;32m  OK  [0m] Started OpenBSD Secure Shell server.
[[0;32m  OK  [0m] Started Authenticate and Authorize Users to Run Privileged Tasks.
[[0;32m  OK  [0m] Started Accounts Service.
[[0;32m  OK  [0m] Started LXD - container startup/shutdown.
[[0;32m  OK  [0m] Started A high performance web server and a reverse proxy server.
[[0;32m  OK  [0m] Created slice User Slice of vagrant.
         Starting User Manager for UID 1000...

Ubuntu 16.04.6 LTS ubuntu-xenial ttyS0

ubuntu-xenial login: [   46.072806] cloud-init[1359]: Cloud-init v. 19.2-36-g059d049c-0ubuntu2~16.04.1 running 'modules:config' at Sat, 09 Nov 2019 12:12:30 +0000. Up 45.70 seconds.
[   52.008995] cloud-init[1772]: Cloud-init v. 19.2-36-g059d049c-0ubuntu2~16.04.1 running 'modules:final' at Sat, 09 Nov 2019 12:12:36 +0000. Up 51.34 seconds.
[   52.009553] cloud-init[1772]: Cloud-init v. 19.2-36-g059d049c-0ubuntu2~16.04.1 finished at Sat, 09 Nov 2019 12:12:36 +0000. Datasource DataSourceNoCloud [seed=/dev/sdb][dsmode=net].  Up 51.98 seconds
         Stopping User Manager for UID 1000...
[[0;32m  OK  [0m] Stopped target Cloud-init target.
         Stopping Session 24 of user vagrant.
[[0;32m  OK  [0m] Stopped target Graphical Interface.
[[0;32m  OK  [0m] Stopped target Timers.
[[0;32m  OK  [0m] Stopped Daily apt upgrade and clean activities.
[[0;32m  OK  [0m] Stopped Daily apt download activities.
[[0;32m  OK  [0m] Stopped Execute cloud user/final.         Stopping Getty on tty1...
[[0;32m  OK  [0m] Stopped Message of the Day.
         Stopping Virtualbox guest utils...
         Stopping Accounts Service...
         Stopping LSB: Start and stop the mysql database server daemon...
[[0;32m  OK  [0m] Stopped Wait until snapd is fully seeded.
[[0;32m  OK  [0m] Stopped target Cloud-config availability.
         Stopping ACPI event daemon...
[[0;32m  OK  [0m] Unmounted /var/lib/lxcfs.
[[0;32m  OK  [0m] Stopped Accounts Service.
[[0;32m  OK  [0m] Stopped Regular background program processing daemon.
[[0;32m  OK  [0m] Stopped System Logging Service.
[[0;32m  OK  [0m] Stopped Deferred execution scheduler.
[[0;32m  OK  [0m] Stopped Unattended Upgrades Shutdown.
[[0;32m  OK  [0m] Stopped ACPI event daemon.
[[0;32m  OK  [0m] Stopped Serial Getty on ttyS0.
[[0;32m  OK  [0m] Stopped Getty on tty1.
[[0;32m  OK  [0m] Stopped Authenticate and Authorize Users to Run Privileged Tasks.
[[0;32m  OK  [0m] Stopped OpenBSD Secure Shell server.
[[0;32m  OK  [0m] Stopped The PHP 7.3 FastCGI Process Manager.
[[0;32m  OK  [0m] Stopped User Manager for UID 1000.
[[0;32m  OK  [0m] Stopped Session 24 of user vagrant.
[[0;32m  OK  [0m] Stopped D-Bus System Message Bus.
[[0;32m  OK  [0m] Stopped A high performance web server and a reverse proxy server.
[[0;32m  OK  [0m] Stopped FUSE filesystem for LXC.
[[0;32m  OK  [0m] Stopped LSB: Set the CPU Frequency Scaling governor to "ondemand".
[[0;32m  OK  [0m] Stopped LXD - container startup/shutdown.
[[0;32m  OK  [0m] Stopped LSB: automatic crash report generation.
[[0;32m  OK  [0m] Stopped LSB: daemon to balance interrupts for SMP systems.
[[0;32m  OK  [0m] Stopped LSB: Record successful boot for GRUB.
[[0;32m  OK  [0m] Stopped LSB: MD monitoring daemon.
[[0;32m  OK  [0m] Stopped Virtualbox guest utils.
[[0;32m  OK  [0m] Removed slice User Slice of vagrant.
[[0;32m  OK  [0m] Removed slice system-getty.slice.
[[0;32m  OK  [0m] Stopped /etc/rc.local Compatibility.
         Stopping Permit User Sessions...
[[0;32m  OK  [0m] Removed slice system-serial\x2dgetty.slice.
         Stopping Login Service...
[[0;32m  OK  [0m] Stopped Permit User Sessions.
[[0;32m  OK  [0m] Stopped Login Service.
[[0;32m  OK  [0m] Stopped target User and Group Name Lookups.
[[0;32m  OK  [0m] Stopped LSB: Start and stop the mysql database server daemon.
[[0;32m  OK  [0m] Stopped target Basic System.
[[0;32m  OK  [0m] Stopped target Slices.
[[0;32m  OK  [0m] Removed slice User and Session Slice.
[[0;32m  OK  [0m] Stopped target Paths.
[[0;32m  OK  [0m] Stopped Forward Password Requests to Wall Directory Watch.
[[0;32m  OK  [0m] Stopped Dispatch Password Requests to Console Directory Watch.
[[0;32m  OK  [0m] Stopped ACPI Events Check.
[[0;32m  OK  [0m] Stopped target Sockets.
[[0;32m  OK  [0m] Closed D-Bus System Message Bus Socket.
[[0;32m  OK  [0m] Closed LXD - unix socket.
[[0;32m  OK  [0m] Closed UUID daemon activation socket.
[[0;32m  OK  [0m] Closed Socket activation for snappy daemon.
[[0;32m  OK  [0m] Closed ACPID Listen Socket.
[[0;32m  OK  [0m] Closed Syslog Socket.
[[0;32m  OK  [0m] Stopped target Remote File Systems.
[[0;32m  OK  [0m] Stopped target Remote File Systems (Pre).
         Stopping Login to default iSCSI targets...
[[0;32m  OK  [0m] Stopped target System Initialization.
[[0;32m  OK  [0m] Stopped target Swap.
[[0;32m  OK  [0m] Stopped Create Volatile Files and Directories.
[[0;32m  OK  [0m] Stopped target Encrypted Volumes.
         Stopping Load/Save Random Seed...
[[0;32m  OK  [0m] Stopped target System Time Synchronized.
[[0;32m  OK  [0m] Stopped Load/Save Random Seed.
[[0;32m  OK  [0m] Stopped Login to default iSCSI targets.
         Stopping iSCSI initiator daemon (iscsid)...
[[0;32m  OK  [0m] Stopped iSCSI initiator daemon (iscsid).
[[0;32m  OK  [0m] Stopped target Network is Online.
[[0;32m  OK  [0m] Stopped Initial cloud-init job (metadata service crawler).
[[0;32m  OK  [0m] Stopped target Network.
         Stopping Raise network interfaces...
[[0;32m  OK  [0m] Stopped Raise network interfaces.
[[0;32m  OK  [0m] Stopped Apply Kernel Variables.
[[0;32m  OK  [0m] Stopped Load Kernel Modules.
[[0;32m  OK  [0m] Stopped target Network (Pre).
[[0;32m  OK  [0m] Stopped Initial cloud-init job (pre-networking).
[[0;32m  OK  [0m] Stopped target Local File Systems.
         Unmounting /vagrant...
         Unmounting /run/user/1000...
         Unmounting /etc/nginx/sites-available...
         Unmounting /var/www...
[[0;32m  OK  [0m] Unmounted /vagrant.
[[0;32m  OK  [0m] Unmounted /run/user/1000.
[[0;32m  OK  [0m] Unmounted /etc/nginx/sites-available.
[[0;32m  OK  [0m] Unmounted /var/www.
[[0;32m  OK  [0m] Reached target Unmount All Filesystems.
[[0;32m  OK  [0m] Stopped target Local File Systems (Pre).
[[0;32m  OK  [0m] Stopped Create Static Device Nodes in /dev.
         Stopping Monitoring of LVM2 mirrors... dmeventd or progress polling...
[[0;32m  OK  [0m] Stopped Remount Root and Kernel File Systems.
[[0;32m  OK  [0m] Reached target Shutdown.
[25087.929768] reboot: Power down
